\BOOKMARK [1][-]{section.1}{\376\377\000I\000n\000t\000r\000o\000d\000u\000c\000t\000i\000o\000n}{}% 1
\BOOKMARK [1][-]{section.2}{\376\377\000R\000e\000l\000a\000t\000e\000d\000\040\000W\000o\000r\000k}{}% 2
\BOOKMARK [1][-]{section.3}{\376\377\000S\000y\000s\000t\000e\000m\000\040\000A\000r\000c\000h\000i\000t\000e\000c\000t\000u\000r\000e}{}% 3
\BOOKMARK [2][-]{subsection.3.1}{\376\377\000L\000a\000y\000e\000r\000\040\000I\000:\000\040\000I\000n\000t\000e\000g\000r\000a\000t\000i\000o\000n\000\040\000a\000n\000d\000\040\000I\000n\000t\000e\000r\000f\000a\000c\000e\000\040\000L\000a\000y\000e\000r}{section.3}% 4
\BOOKMARK [2][-]{subsection.3.2}{\376\377\000L\000a\000y\000e\000r\000\040\000I\000I\000:\000\040\000C\000o\000m\000p\000l\000i\000a\000n\000c\000e\000\040\000L\000o\000g\000i\000c\000\040\000L\000a\000y\000e\000r}{section.3}% 5
\BOOKMARK [2][-]{subsection.3.3}{\376\377\000L\000a\000y\000e\000r\000\040\000I\000I\000I\000:\000\040\000O\000f\000f\000l\000i\000n\000e\000\040\000T\000r\000a\000i\000n\000i\000n\000g\000\040\000P\000i\000p\000e\000l\000i\000n\000e}{section.3}% 6
\BOOKMARK [2][-]{subsection.3.4}{\376\377\000L\000a\000y\000e\000r\000\040\000I\000V\000:\000\040\000I\000n\000f\000r\000a\000s\000t\000r\000u\000c\000t\000u\000r\000e\000\040\000a\000n\000d\000\040\000E\000n\000f\000o\000r\000c\000e\000m\000e\000n\000t\000\040\000L\000a\000y\000e\000r}{section.3}% 7
\BOOKMARK [1][-]{section.4}{\376\377\000P\000r\000o\000d\000u\000c\000t\000i\000o\000n\000\040\000I\000m\000p\000l\000e\000m\000e\000n\000t\000a\000t\000i\000o\000n}{}% 8
\BOOKMARK [1][-]{section.5}{\376\377\000S\000e\000c\000u\000r\000i\000t\000y\000\040\000M\000o\000d\000e\000l}{}% 9
\BOOKMARK [1][-]{section.6}{\376\377\000E\000v\000a\000l\000u\000a\000t\000i\000o\000n\000\040\000a\000n\000d\000\040\000B\000e\000n\000c\000h\000m\000a\000r\000k\000s}{}% 10
\BOOKMARK [2][-]{subsection.6.1}{\376\377\000M\000a\000c\000h\000i\000n\000e\000\040\000L\000e\000a\000r\000n\000i\000n\000g\000\040\000M\000o\000d\000e\000l\000\040\000P\000e\000r\000f\000o\000r\000m\000a\000n\000c\000e}{section.6}% 11
\BOOKMARK [2][-]{subsection.6.2}{\376\377\000F\000i\000v\000e\000-\000F\000o\000l\000d\000\040\000C\000r\000o\000s\000s\000-\000V\000a\000l\000i\000d\000a\000t\000i\000o\000n}{section.6}% 12
\BOOKMARK [2][-]{subsection.6.3}{\376\377\000T\000e\000a\000c\000h\000e\000r\000\040\000M\000o\000d\000e\000l\000\040\000a\000n\000d\000\040\000K\000n\000o\000w\000l\000e\000d\000g\000e\000\040\000D\000i\000s\000t\000i\000l\000l\000a\000t\000i\000o\000n}{section.6}% 13
\BOOKMARK [2][-]{subsection.6.4}{\376\377\000T\000r\000a\000n\000s\000a\000c\000t\000i\000o\000n\000-\000L\000e\000v\000e\000l\000\040\000E\000v\000a\000l\000u\000a\000t\000i\000o\000n}{section.6}% 14
\BOOKMARK [2][-]{subsection.6.5}{\376\377\000C\000r\000o\000s\000s\000-\000L\000e\000v\000e\000l\000\040\000G\000e\000n\000e\000r\000a\000l\000i\000s\000a\000t\000i\000o\000n}{section.6}% 15
\BOOKMARK [2][-]{subsection.6.6}{\376\377\000S\000c\000o\000r\000e\000\040\000R\000e\000c\000a\000l\000i\000b\000r\000a\000t\000i\000o\000n}{section.6}% 16
\BOOKMARK [2][-]{subsection.6.7}{\376\377\000E\000x\000t\000e\000r\000n\000a\000l\000\040\000V\000a\000l\000i\000d\000a\000t\000i\000o\000n}{section.6}% 17
\BOOKMARK [3][-]{subsubsection.6.7.1}{\376\377\000R\000e\000c\000a\000l\000i\000b\000r\000a\000t\000i\000o\000n\000\040\000a\000n\000d\000\040\000F\000e\000a\000t\000u\000r\000e\000\040\000E\000n\000r\000i\000c\000h\000m\000e\000n\000t}{subsection.6.7}% 18
\BOOKMARK [3][-]{subsubsection.6.7.2}{\376\377\000K\000e\000y\000\040\000O\000b\000s\000e\000r\000v\000a\000t\000i\000o\000n\000s}{subsection.6.7}% 19
\BOOKMARK [3][-]{subsubsection.6.7.3}{\376\377\000I\000n\000f\000e\000r\000e\000n\000c\000e\000s\000\040\000o\000n\000\040\000G\000e\000n\000e\000r\000a\000l\000i\000s\000a\000t\000i\000o\000n\000\040\000a\000n\000d\000\040\000K\000n\000o\000w\000l\000e\000d\000g\000e\000\040\000D\000i\000s\000t\000i\000l\000l\000a\000t\000i\000o\000n}{subsection.6.7}% 20
\BOOKMARK [2][-]{subsection.6.8}{\376\377\000T\000h\000e\000o\000r\000e\000t\000i\000c\000a\000l\000\040\000G\000u\000a\000r\000a\000n\000t\000e\000e\000s}{section.6}% 21
\BOOKMARK [2][-]{subsection.6.9}{\376\377\000S\000m\000a\000r\000t\000\040\000C\000o\000n\000t\000r\000a\000c\000t\000\040\000G\000a\000s\000\040\000B\000e\000n\000c\000h\000m\000a\000r\000k\000s}{section.6}% 22
\BOOKMARK [2][-]{subsection.6.10}{\376\377\000S\000y\000s\000t\000e\000m\000\040\000I\000n\000t\000e\000g\000r\000a\000t\000i\000o\000n\000\040\000T\000e\000s\000t\000i\000n\000g}{section.6}% 23
\BOOKMARK [2][-]{subsection.6.11}{\376\377\000L\000i\000m\000i\000t\000a\000t\000i\000o\000n\000s}{section.6}% 24
\BOOKMARK [1][-]{section.7}{\376\377\000C\000o\000n\000c\000l\000u\000s\000i\000o\000n}{}% 25
\BOOKMARK [1][-]{section.8}{\376\377\000F\000u\000t\000u\000r\000e\000\040\000W\000o\000r\000k}{}% 26
\BOOKMARK [1][-]{section*.14}{\376\377\000R\000e\000f\000e\000r\000e\000n\000c\000e\000s}{}% 27
