\BOOKMARK [1][-]{section.1}{\376\377\000I\000n\000t\000r\000o\000d\000u\000c\000t\000i\000o\000n}{}% 1
\BOOKMARK [2][-]{subsection.1.1}{\376\377\000T\000h\000e\000\040\000P\000r\000o\000b\000l\000e\000m\000\040\000o\000f\000\040\000M\000i\000s\000s\000e\000d\000\040\000F\000r\000a\000u\000d}{section.1}% 2
\BOOKMARK [2][-]{subsection.1.2}{\376\377\000K\000e\000y\000\040\000I\000n\000s\000i\000g\000h\000t}{section.1}% 3
\BOOKMARK [2][-]{subsection.1.3}{\376\377\000C\000o\000n\000t\000r\000i\000b\000u\000t\000i\000o\000n\000s}{section.1}% 4
\BOOKMARK [1][-]{section.2}{\376\377\000R\000e\000l\000a\000t\000e\000d\000\040\000W\000o\000r\000k}{}% 5
\BOOKMARK [2][-]{subsection.2.1}{\376\377\000F\000r\000a\000u\000d\000\040\000D\000e\000t\000e\000c\000t\000i\000o\000n\000\040\000i\000n\000\040\000B\000l\000o\000c\000k\000c\000h\000a\000i\000n}{section.2}% 6
\BOOKMARK [2][-]{subsection.2.2}{\376\377\000M\000o\000d\000e\000l\000\040\000C\000a\000l\000i\000b\000r\000a\000t\000i\000o\000n\000\040\000a\000n\000d\000\040\000P\000o\000s\000t\000-\000H\000o\000c\000\040\000C\000o\000r\000r\000e\000c\000t\000i\000o\000n}{section.2}% 7
\BOOKMARK [2][-]{subsection.2.3}{\376\377\000E\000x\000p\000l\000a\000i\000n\000a\000b\000i\000l\000i\000t\000y\000\040\000a\000n\000d\000\040\000F\000e\000a\000t\000u\000r\000e\000\040\000A\000t\000t\000r\000i\000b\000u\000t\000i\000o\000n}{section.2}% 8
\BOOKMARK [2][-]{subsection.2.4}{\376\377\000D\000o\000m\000a\000i\000n\000\040\000A\000d\000a\000p\000t\000a\000t\000i\000o\000n}{section.2}% 9
\BOOKMARK [1][-]{section.3}{\376\377\000B\000l\000i\000n\000d\000\040\000S\000p\000o\000t\000\040\000D\000e\000c\000o\000m\000p\000o\000s\000i\000t\000i\000o\000n\000\040\000T\000h\000e\000o\000r\000y}{}% 10
\BOOKMARK [2][-]{subsection.3.1}{\376\377\000F\000o\000r\000m\000a\000l\000\040\000D\000e\000c\000o\000m\000p\000o\000s\000i\000t\000i\000o\000n}{section.3}% 11
\BOOKMARK [2][-]{subsection.3.2}{\376\377\000C\000o\000m\000p\000o\000n\000e\000n\000t\000\040\000D\000e\000f\000i\000n\000i\000t\000i\000o\000n\000s}{section.3}% 12
\BOOKMARK [3][-]{subsubsection.3.2.1}{\376\377\000C\000a\000m\000o\000u\000f\000l\000a\000g\000e\000\040\000S\000c\000o\000r\000e\000\040\040\024\000\040\000C\000\050\000x\000\051}{subsection.3.2}% 13
\BOOKMARK [3][-]{subsubsection.3.2.2}{\376\377\000F\000e\000a\000t\000u\000r\000e\000\040\000G\000a\000p\000\040\040\024\000\040\000G\000\050\000x\000\051}{subsection.3.2}% 14
\BOOKMARK [3][-]{subsubsection.3.2.3}{\376\377\000A\000c\000t\000i\000v\000i\000t\000y\000\040\000A\000n\000o\000m\000a\000l\000y\000\040\040\024\000\040\000A\000\050\000x\000\051}{subsection.3.2}% 15
\BOOKMARK [3][-]{subsubsection.3.2.4}{\376\377\000T\000e\000m\000p\000o\000r\000a\000l\000\040\000N\000o\000v\000e\000l\000t\000y\000\040\040\024\000\040\000T\000\050\000x\000\051}{subsection.3.2}% 16
\BOOKMARK [2][-]{subsection.3.3}{\376\377\000M\000F\000L\000S\000:\000\040\000M\000i\000s\000s\000e\000d\000\040\000F\000r\000a\000u\000d\000\040\000L\000i\000k\000e\000l\000i\000h\000o\000o\000d\000\040\000S\000c\000o\000r\000e}{section.3}% 17
\BOOKMARK [2][-]{subsection.3.4}{\376\377\000C\000o\000r\000r\000e\000c\000t\000i\000o\000n\000\040\000F\000o\000r\000m\000u\000l\000a}{section.3}% 18
\BOOKMARK [1][-]{section.4}{\376\377\000A\000d\000a\000p\000t\000i\000v\000e\000\040\000W\000e\000i\000g\000h\000t\000\040\000C\000a\000l\000i\000b\000r\000a\000t\000i\000o\000n}{}% 19
\BOOKMARK [2][-]{subsection.4.1}{\376\377\000M\000e\000t\000h\000o\000d\000\040\0001\000:\000\040\000M\000u\000t\000u\000a\000l\000\040\000I\000n\000f\000o\000r\000m\000a\000t\000i\000o\000n\000\040\000W\000e\000i\000g\000h\000t\000i\000n\000g}{section.4}% 20
\BOOKMARK [2][-]{subsection.4.2}{\376\377\000M\000e\000t\000h\000o\000d\000\040\0002\000:\000\040\000F\000i\000s\000h\000e\000r\000\040\000V\000a\000r\000i\000a\000n\000c\000e\000\040\000R\000a\000t\000i\000o}{section.4}% 21
\BOOKMARK [2][-]{subsection.4.3}{\376\377\000M\000e\000t\000h\000o\000d\000\040\0003\000:\000\040\000B\000a\000y\000e\000s\000i\000a\000n\000\040\000O\000n\000l\000i\000n\000e\000\040\000U\000p\000d\000a\000t\000i\000n\000g}{section.4}% 22
\BOOKMARK [2][-]{subsection.4.4}{\376\377\000M\000e\000t\000h\000o\000d\000\040\0004\000:\000\040\000G\000r\000a\000d\000i\000e\000n\000t\000-\000B\000a\000s\000e\000d\000\040\000O\000p\000t\000i\000m\000i\000s\000a\000t\000i\000o\000n}{section.4}% 23
\BOOKMARK [1][-]{section.5}{\376\377\000S\000u\000p\000p\000l\000e\000m\000e\000n\000t\000a\000r\000y\000\040\000F\000e\000a\000t\000u\000r\000e\000\040\000G\000e\000n\000e\000r\000a\000t\000i\000o\000n}{}% 24
\BOOKMARK [1][-]{section.6}{\376\377\000E\000x\000p\000e\000r\000i\000m\000e\000n\000t\000a\000l\000\040\000V\000a\000l\000i\000d\000a\000t\000i\000o\000n}{}% 25
\BOOKMARK [2][-]{subsection.6.1}{\376\377\000D\000a\000t\000a\000s\000e\000t\000s\000\040\000a\000n\000d\000\040\000S\000e\000t\000u\000p}{section.6}% 26
\BOOKMARK [3][-]{subsubsection.6.1.1}{\376\377\000S\000t\000r\000i\000c\000t\000\040\000F\000o\000u\000r\000-\000W\000a\000y\000\040\000S\000p\000l\000i\000t\000\040\000P\000r\000o\000t\000o\000c\000o\000l}{subsection.6.1}% 27
\BOOKMARK [2][-]{subsection.6.2}{\376\377\000B\000a\000s\000e\000l\000i\000n\000e\000\040\000P\000e\000r\000f\000o\000r\000m\000a\000n\000c\000e}{section.6}% 28
\BOOKMARK [2][-]{subsection.6.3}{\376\377\000M\000i\000s\000s\000e\000d\000\040\000F\000r\000a\000u\000d\000\040\000C\000h\000a\000r\000a\000c\000t\000e\000r\000i\000s\000a\000t\000i\000o\000n}{section.6}% 29
\BOOKMARK [2][-]{subsection.6.4}{\376\377\000M\000F\000L\000S\000\040\000C\000o\000r\000r\000e\000c\000t\000i\000o\000n\000\040\000R\000e\000s\000u\000l\000t\000s}{section.6}% 30
\BOOKMARK [2][-]{subsection.6.5}{\376\377\000A\000d\000a\000p\000t\000i\000v\000e\000\040\000W\000e\000i\000g\000h\000t\000\040\000C\000o\000m\000p\000a\000r\000i\000s\000o\000n}{section.6}% 31
\BOOKMARK [2][-]{subsection.6.6}{\376\377\000F\000e\000a\000t\000u\000r\000e\000\040\000G\000a\000p\000\040\000D\000e\000g\000e\000n\000e\000r\000a\000c\000y}{section.6}% 32
\BOOKMARK [2][-]{subsection.6.7}{\376\377\000C\000o\000r\000r\000e\000c\000t\000i\000o\000n\000\040\000S\000t\000r\000e\000n\000g\000t\000h\000\040\000S\000e\000n\000s\000i\000t\000i\000v\000i\000t\000y}{section.6}% 33
\BOOKMARK [2][-]{subsection.6.8}{\376\377\000C\000r\000o\000s\000s\000-\000D\000o\000m\000a\000i\000n\000\040\000V\000a\000l\000i\000d\000a\000t\000i\000o\000n}{section.6}% 34
\BOOKMARK [2][-]{subsection.6.9}{\376\377\000V\0002\000\040\000S\000t\000u\000d\000e\000n\000t\000\040\000M\000o\000d\000e\000l\000\040\000E\000v\000a\000l\000u\000a\000t\000i\000o\000n\000:\000\040\000E\000t\000h\000.\000\040\000A\000d\000d\000r\000.}{section.6}% 35
\BOOKMARK [2][-]{subsection.6.10}{\376\377\000F\000a\000l\000s\000e\000-\000D\000i\000s\000c\000o\000v\000e\000r\000y\000\040\000A\000n\000a\000l\000y\000s\000i\000s\000\040\000a\000n\000d\000\040\000C\000o\000r\000r\000e\000c\000t\000i\000o\000n}{section.6}% 36
\BOOKMARK [2][-]{subsection.6.11}{\376\377\000Q\000u\000a\000d\000S\000u\000r\000f\000\040\000a\000n\000d\000\040\000E\000x\000p\000o\000n\000e\000n\000t\000i\000a\000l\000-\000G\000a\000t\000e\000d\000\040\000C\000o\000r\000r\000e\000c\000t\000i\000o\000n}{section.6}% 37
\BOOKMARK [2][-]{subsection.6.12}{\376\377\000M\000u\000l\000t\000i\000-\000M\000o\000d\000e\000l\000\040\000E\000v\000a\000l\000u\000a\000t\000i\000o\000n}{section.6}% 38
\BOOKMARK [3][-]{table.10}{\376\377\000E\000l\000l\000i\000p\000t\000i\000c\000\040\000D\000a\000t\000a\000s\000e\000t}{subsection.6.12}% 39
\BOOKMARK [3][-]{table.11}{\376\377\000E\000t\000h\000.\000\040\000A\000d\000d\000r\000.\000\040\000D\000a\000t\000a\000s\000e\000t}{subsection.6.12}% 40
\BOOKMARK [3][-]{table.12}{\376\377\000C\000r\000e\000d\000i\000t\000\040\000C\000a\000r\000d\000\040\000D\000a\000t\000a\000s\000e\000t}{subsection.6.12}% 41
\BOOKMARK [3][-]{table.15}{\376\377\000S\000h\000u\000t\000t\000l\000e\000,\000\040\000M\000a\000m\000m\000o\000g\000r\000a\000p\000h\000y\000,\000\040\000a\000n\000d\000\040\000P\000e\000n\000d\000i\000g\000i\000t\000s}{subsection.6.12}% 42
\BOOKMARK [3][-]{table.16}{\376\377\000A\000g\000g\000r\000e\000g\000a\000t\000e\000\040\000S\000u\000m\000m\000a\000r\000y}{subsection.6.12}% 43
\BOOKMARK [2][-]{subsection.6.13}{\376\377\000A\000l\000t\000e\000r\000n\000a\000t\000i\000v\000e\000\040\000C\000o\000m\000b\000i\000n\000a\000t\000i\000o\000n\000\040\000S\000t\000r\000a\000t\000e\000g\000i\000e\000s}{section.6}% 44
\BOOKMARK [2][-]{subsection.6.14}{\376\377\0006\0006\000-\000V\000a\000r\000i\000a\000n\000t\000\040\000M\000F\000L\000S\000\040\000E\000x\000p\000l\000o\000r\000a\000t\000i\000o\000n\000\040\000\050\000V\0002\000\051}{section.6}% 45
\BOOKMARK [3][-]{subsubsection.6.14.1}{\376\377\000E\000v\000a\000l\000u\000a\000t\000i\000o\000n\000\040\000M\000e\000t\000r\000i\000c\000s}{subsection.6.14}% 46
\BOOKMARK [3][-]{subsubsection.6.14.2}{\376\377\000V\000a\000r\000i\000a\000n\000t\000\040\000C\000a\000t\000a\000l\000o\000g}{subsection.6.14}% 47
\BOOKMARK [3][-]{table.23}{\376\377\000A\000g\000g\000r\000e\000g\000a\000t\000e\000\040\000L\000e\000a\000d\000e\000r\000b\000o\000a\000r\000d}{subsection.6.14}% 48
\BOOKMARK [3][-]{table.24}{\376\377\000F\000r\000a\000u\000d\000\040\000A\000c\000c\000o\000u\000n\000t\000i\000n\000g\000\040\040\024\000\040\000C\000o\000n\000f\000u\000s\000i\000o\000n\000\040\000M\000a\000t\000r\000i\000x\000\040\000A\000n\000a\000l\000y\000s\000i\000s}{subsection.6.14}% 49
\BOOKMARK [3][-]{table.25}{\376\377\000P\000e\000r\000-\000D\000a\000t\000a\000s\000e\000t\000\040\000F\000r\000a\000u\000d\000\040\000A\000c\000c\000o\000u\000n\000t\000i\000n\000g}{subsection.6.14}% 50
\BOOKMARK [3][-]{table.26}{\376\377\000F\000P\000\040\000v\000s\000.\000\040\000F\000N\000\040\000T\000r\000a\000d\000e\000-\000o\000f\000f\000\040\000A\000n\000a\000l\000y\000s\000i\000s}{subsection.6.14}% 51
\BOOKMARK [3][-]{table.27}{\376\377\000B\000e\000s\000t\000\040\000V\000a\000r\000i\000a\000n\000t\000\040\000f\000o\000r\000\040\000R\000e\000d\000u\000c\000i\000n\000g\000\040\000M\000i\000s\000s\000e\000d\000\040\000F\000r\000a\000u\000d}{subsection.6.14}% 52
\BOOKMARK [3][-]{subsubsection.6.14.8}{\376\377\000S\000u\000m\000m\000a\000r\000y\000\040\000o\000f\000\040\000V\0002\000\040\000F\000i\000n\000d\000i\000n\000g\000s}{subsection.6.14}% 53
\BOOKMARK [1][-]{section.7}{\376\377\000O\000r\000t\000h\000o\000g\000o\000n\000a\000l\000i\000t\000y\000\040\000a\000n\000d\000\040\000N\000o\000n\000-\000R\000e\000d\000u\000n\000d\000a\000n\000c\000y\000\040\000P\000r\000o\000o\000f}{}% 54
\BOOKMARK [2][-]{subsection.7.1}{\376\377\000P\000a\000i\000r\000w\000i\000s\000e\000\040\000C\000o\000r\000r\000e\000l\000a\000t\000i\000o\000n\000\040\000A\000n\000a\000l\000y\000s\000i\000s}{section.7}% 55
\BOOKMARK [2][-]{subsection.7.2}{\376\377\000P\000r\000i\000n\000c\000i\000p\000a\000l\000\040\000C\000o\000m\000p\000o\000n\000e\000n\000t\000\040\000A\000n\000a\000l\000y\000s\000i\000s}{section.7}% 56
\BOOKMARK [2][-]{subsection.7.3}{\376\377\000M\000u\000t\000u\000a\000l\000\040\000I\000n\000f\000o\000r\000m\000a\000t\000i\000o\000n\000\040\000M\000a\000t\000r\000i\000x}{section.7}% 57
\BOOKMARK [2][-]{subsection.7.4}{\376\377\000V\000a\000r\000i\000a\000n\000c\000e\000\040\000I\000n\000f\000l\000a\000t\000i\000o\000n\000\040\000F\000a\000c\000t\000o\000r\000s}{section.7}% 58
\BOOKMARK [2][-]{subsection.7.5}{\376\377\000I\000n\000c\000r\000e\000m\000e\000n\000t\000a\000l\000\040\000P\000r\000e\000d\000i\000c\000t\000i\000v\000e\000\040\000C\000o\000n\000t\000r\000i\000b\000u\000t\000i\000o\000n}{section.7}% 59
\BOOKMARK [1][-]{section.8}{\376\377\000D\000i\000s\000c\000u\000s\000s\000i\000o\000n}{}% 60
\BOOKMARK [2][-]{subsection.8.1}{\376\377\000I\000s\000\040\000t\000h\000e\000\040\000D\000e\000c\000o\000m\000p\000o\000s\000i\000t\000i\000o\000n\000\040\000C\000o\000m\000p\000l\000e\000t\000e\000?}{section.8}% 61
\BOOKMARK [2][-]{subsection.8.2}{\376\377\000R\000e\000l\000a\000t\000i\000o\000n\000s\000h\000i\000p\000\040\000t\000o\000\040\000t\000h\000e\000\040\000B\000i\000a\000s\000-\000V\000a\000r\000i\000a\000n\000c\000e\000\040\000D\000e\000c\000o\000m\000p\000o\000s\000i\000t\000i\000o\000n}{section.8}% 62
\BOOKMARK [2][-]{subsection.8.3}{\376\377\000G\000e\000n\000e\000r\000a\000l\000i\000s\000a\000b\000i\000l\000i\000t\000y\000\040\000B\000e\000y\000o\000n\000d\000\040\000B\000l\000o\000c\000k\000c\000h\000a\000i\000n}{section.8}% 63
\BOOKMARK [2][-]{subsection.8.4}{\376\377\000L\000i\000m\000i\000t\000a\000t\000i\000o\000n\000s}{section.8}% 64
\BOOKMARK [1][-]{section.9}{\376\377\000P\000r\000a\000c\000t\000i\000c\000a\000l\000\040\000I\000m\000p\000l\000i\000c\000a\000t\000i\000o\000n\000s}{}% 65
\BOOKMARK [2][-]{subsection.9.1}{\376\377\000F\000o\000r\000\040\000M\000o\000d\000e\000l\000\040\000D\000e\000v\000e\000l\000o\000p\000e\000r\000s}{section.9}% 66
\BOOKMARK [2][-]{subsection.9.2}{\376\377\000F\000o\000r\000\040\000C\000o\000m\000p\000l\000i\000a\000n\000c\000e\000\040\000O\000f\000f\000i\000c\000e\000r\000s}{section.9}% 67
\BOOKMARK [2][-]{subsection.9.3}{\376\377\000F\000o\000r\000\040\000R\000e\000g\000u\000l\000a\000t\000o\000r\000s}{section.9}% 68
\BOOKMARK [2][-]{subsection.9.4}{\376\377\000W\000h\000e\000n\000\040\000t\000o\000\040\000U\000s\000e\000\040\000B\000S\000D\000T\000\040\000v\000s\000.\000\040\000R\000e\000t\000r\000a\000i\000n}{section.9}% 69
\BOOKMARK [1][-]{section.10}{\376\377\000C\000o\000n\000c\000l\000u\000s\000i\000o\000n}{}% 70
\BOOKMARK [1][-]{section*.1}{\376\377\000R\000e\000f\000e\000r\000e\000n\000c\000e\000s}{}% 71
\BOOKMARK [1][-]{section*.2}{\376\377\000A\000p\000p\000e\000n\000d\000i\000x\000\040\000A\000:\000\040\000F\000u\000l\000l\000\040\000M\000a\000t\000h\000e\000m\000a\000t\000i\000c\000a\000l\000\040\000S\000p\000e\000c\000i\000f\000i\000c\000a\000t\000i\000o\000n}{}% 72
\BOOKMARK [2][-]{subsection.Appendix.A.1}{\376\377\000N\000o\000t\000a\000t\000i\000o\000n}{section*.2}% 73
\BOOKMARK [2][-]{subsection.Appendix.A.2}{\376\377\000A\000l\000g\000o\000r\000i\000t\000h\000m\000:\000\040\000A\000d\000a\000p\000t\000i\000v\000e\000\040\000M\000F\000L\000S\000\040\000P\000i\000p\000e\000l\000i\000n\000e}{section*.2}% 74
\BOOKMARK [1][-]{section*.3}{\376\377\000A\000p\000p\000e\000n\000d\000i\000x\000\040\000B\000:\000\040\000I\000n\000v\000a\000r\000i\000a\000n\000c\000e\000\040\000A\000n\000a\000l\000y\000s\000i\000s}{}% 75
\BOOKMARK [2][-]{subsection.Appendix.B.1}{\376\377\000N\000o\000t\000a\000t\000i\000o\000n}{section*.3}% 76
\BOOKMARK [2][-]{subsection.Appendix.B.2}{\376\377\000C\000o\000m\000p\000o\000n\000e\000n\000t\000-\000L\000e\000v\000e\000l\000\040\000I\000n\000v\000a\000r\000i\000a\000n\000c\000e\000s}{section*.3}% 77
\BOOKMARK [2][-]{subsection.Appendix.B.3}{\376\377\000M\000F\000L\000S\000\040\000M\000o\000n\000o\000t\000o\000n\000i\000c\000i\000t\000y\000\040\000a\000n\000d\000\040\000C\000o\000r\000r\000e\000c\000t\000i\000o\000n\000\040\000S\000a\000f\000e\000t\000y}{section*.3}% 78
\BOOKMARK [2][-]{subsection.Appendix.B.4}{\376\377\000O\000p\000e\000r\000a\000t\000i\000n\000g\000\040\000C\000o\000n\000d\000i\000t\000i\000o\000n\000s}{section*.3}% 79
\BOOKMARK [2][-]{subsection.Appendix.B.5}{\376\377\000D\000e\000p\000l\000o\000y\000m\000e\000n\000t\000\040\000O\000p\000e\000r\000a\000t\000o\000r\000s\000:\000\040\000A\000l\000g\000e\000b\000r\000a\000i\000c\000\040\000P\000r\000o\000p\000e\000r\000t\000i\000e\000s}{section*.3}% 80
\BOOKMARK [2][-]{subsection.Appendix.B.6}{\376\377\000I\000n\000v\000a\000r\000i\000a\000n\000c\000e\000\040\000S\000u\000m\000m\000a\000r\000y}{section*.3}% 81
\BOOKMARK [1][-]{section*.4}{\376\377\000A\000p\000p\000e\000n\000d\000i\000x\000\040\000C\000:\000\040\000C\000h\000o\000i\000c\000e\000\040\000o\000f\000\040\000F\000u\000n\000c\000t\000i\000o\000n\000a\000l\000\040\000F\000o\000r\000m\000s\000\040\000a\000n\000d\000\040\000S\000e\000n\000s\000i\000t\000i\000v\000i\000t\000y}{}% 82
\BOOKMARK [2][-]{subsection.Appendix.C.1}{\376\377\000C\000a\000m\000o\000u\000f\000l\000a\000g\000e\000\040\040\024\000\040\000C\000\050\000x\000\051\000\040\000=\000\040\0001\000\040\000-\000\040\000x\000\040\000-\000\040\000l\000e\000g\000i\000t\0002\000\040\000/\000\040\000d}{section*.4}% 83
\BOOKMARK [2][-]{subsection.Appendix.C.2}{\376\377\000F\000e\000a\000t\000u\000r\000e\000\040\000G\000a\000p\000\040\040\024\000\040\000G\000\050\000x\000\051\000\040\000=\000\040\000|\000\173\000j\000\040\000:\000\040\000|\000x\000j\000|\000\040\000<\000\040\000\175\000|\000\040\000/\000\040\000d}{section*.4}% 84
\BOOKMARK [2][-]{subsection.Appendix.C.3}{\376\377\000A\000c\000t\000i\000v\000i\000t\000y\000\040\000A\000n\000o\000m\000a\000l\000y\000\040\040\024\000\040\000A\000\050\000x\000\051}{section*.4}% 85
\BOOKMARK [2][-]{subsection.Appendix.C.4}{\376\377\000T\000e\000m\000p\000o\000r\000a\000l\000\040\000N\000o\000v\000e\000l\000t\000y\000\040\040\024\000\040\000T\000\050\000x\000\051}{section*.4}% 86
\BOOKMARK [2][-]{subsection.Appendix.C.5}{\376\377\000G\000e\000n\000e\000r\000a\000l\000\040\000S\000e\000n\000s\000i\000t\000i\000v\000i\000t\000y\000\040\000S\000u\000m\000m\000a\000r\000y}{section*.4}% 87
